3.45.4
Verifying extras: dev-minimal, test
Python 3.12.10
Go Task 3.45.4
uv 0.7.22
a2a-sdk 0.3.7
black 25.9.0
duckdb 1.3.2
fakeredis 2.31.3
flake8 7.3.0
freezegun 1.5.5
hypothesis 6.140.2
mypy 1.18.2
networkx 3.5
owlrl 7.1.4
pdfminer-six 20250506
psutil 7.1.0
pytest 8.4.2
pytest-bdd 8.1.0
pytest-benchmark 5.1.0
pytest-cov 7.0.0
pytest-httpx 0.35.0
python-docx 1.2.0
redis 6.4.0
responses 0.25.8
tomli-w 1.2.0
types-protobuf 6.32.1.20250918
types-psutil 7.0.0.20250822
types-requests 2.32.4.20250913
types-tabulate 0.9.0.20241207
uvicorn 0.37.0
[verify][lint] flake8 passed
src/autoresearch/orchestration/state_registry.py:29: error: "QueryState" has no attribute "model_copy"  [attr-defined]
src/autoresearch/orchestration/state_registry.py:56: error: "QueryState" has no attribute "model_copy"  [attr-defined]
src/autoresearch/orchestration/state_registry.py:95: error: "QueryState" has no attribute "model_copy"  [attr-defined]
src/autoresearch/orchestration/state_registry.py:102: error: "QueryState" has no attribute "model_copy"  [attr-defined]
Found 4 errors in 1 file (checked 133 source files)
