task: [verify] set -eu
extras="dev-minimal test"
export UV_HTTP_TIMEOUT="${UV_HTTP_TIMEOUT:-600}"
uv sync \
  --python-platform x86_64-manylinux_2_28 \
  $(printf ' --extra %s' $extras) \
  

Resolved 328 packages in 7ms
Audited 173 packages in 0.37ms
task: [verify] task check-env EXTRAS="dev-minimal test"
task: [check-env] task --version
3.45.4
task: [check-env] uv run python scripts/check_env.py
Verifying extras: dev-minimal, test
Python 3.12.10
Go Task 3.45.4
uv 0.7.22
a2a-sdk 0.3.7
black 25.9.0
duckdb 1.3.2
fakeredis 2.31.3
flake8 7.3.0
freezegun 1.5.5
hypothesis 6.140.2
mypy 1.18.2
networkx 3.5
owlrl 7.1.4
pdfminer-six 20250506
psutil 7.1.0
pytest 8.4.2
pytest-bdd 8.1.0
pytest-benchmark 5.1.0
pytest-cov 7.0.0
pytest-httpx 0.35.0
python-docx 1.2.0
redis 6.4.0
responses 0.25.8
tomli-w 1.2.0
types-psutil 7.0.0.20250822
uvicorn 0.37.0
task: [verify] uv run flake8 src tests
src/autoresearch/distributed/_ray.py:145:1: W391 blank line at end of file
src/autoresearch/orchestration/orchestrator.py:316:19: E131 continuation line unaligned for hanging indent
src/autoresearch/orchestration/orchestrator.py:317:19: E131 continuation line unaligned for hanging indent
src/autoresearch/orchestration/state.py:7:1: F401 'typing.cast' imported but unused
src/autoresearch/orchestration/task_graph.py:6:1: F401 'typing.MutableMapping' imported but unused
tests/benchmark/test_token_memory.py:14:1: E402 module level import not at top of file
tests/conftest.py:23:1: E402 module level import not at top of file
tests/conftest.py:24:1: E402 module level import not at top of file
tests/conftest.py:25:1: E402 module level import not at top of file
tests/conftest.py:333:9: E306 expected 1 blank line before a nested definition, found 0
tests/conftest.py:343:1: W293 blank line contains whitespace
tests/integration/test_cli_progress.py:41:5: E306 expected 1 blank line before a nested definition, found 0
tests/integration/test_relevance_ranking_integration.py:3:1: F811 redefinition of unused 'csv' from line 1
tests/integration/test_relevance_ranking_integration.py:4:1: F811 redefinition of unused 'Path' from line 2
tests/integration/test_upgrade_path.py:3:1: F401 'subprocess' imported but unused
tests/integration/test_upgrade_path.py:5:1: F401 'shutil' imported but unused
tests/targeted/test_gpu_parsers.py:4:1: F811 redefinition of unused 'sys' from line 3
tests/targeted/test_http_session.py:3:1: F401 'sys' imported but unused
tests/unit/distributed/test_coordination_properties.py:7:1: F811 redefinition of unused 'sys' from line 5
tests/unit/evidence/test_stability_utils.py:37:1: W391 blank line at end of file
tests/unit/orchestration/test_query_state_features.py:26:1: W391 blank line at end of file
tests/unit/test_duckdb_storage_backend_concurrency.py:4:1: F811 redefinition of unused 'threading' from line 1
tests/unit/test_duckdb_storage_backend_concurrency.py:6:1: F811 redefinition of unused 'MagicMock' from line 2
tests/unit/test_duckdb_storage_backend_concurrency.py:6:1: F811 redefinition of unused 'patch' from line 2
tests/unit/test_storage_eviction.py:164:21: E117 over-indented
tests/unit/test_streamlit_ui.py:53:5: E306 expected 1 blank line before a nested definition, found 0
tests/unit/test_visualization.py:3:1: F811 redefinition of unused 'sys' from line 1
tests/unit/test_visualization.py:4:1: F811 redefinition of unused 'ModuleType' from line 2
task: Failed to run task "verify": exit status 1
