task: [verify] set -eu
extras="dev-minimal test"
export UV_HTTP_TIMEOUT="${UV_HTTP_TIMEOUT:-600}"
uv sync \
  --python-platform x86_64-manylinux_2_28 \
  $(printf ' --extra %s' $extras) \
  

Resolved 327 packages in 6ms
Audited 172 packages in 0.37ms
task: [verify] task check-env EXTRAS="dev-minimal test"
task: [check-env] task --version
3.45.4
task: [check-env] uv run python scripts/check_env.py
Verifying extras: dev-minimal, test
Python 3.12.10
Go Task 3.45.4
uv 0.7.22
a2a-sdk 0.3.6
black 25.9.0
duckdb 1.3.2
fakeredis 2.31.3
flake8 7.3.0
freezegun 1.5.5
hypothesis 6.140.1
mypy 1.18.2
networkx 3.5
owlrl 7.1.4
pdfminer-six 20250506
psutil 7.1.0
pytest 8.4.2
pytest-bdd 8.1.0
pytest-benchmark 5.1.0
pytest-cov 7.0.0
pytest-httpx 0.35.0
python-docx 1.2.0
redis 6.4.0
responses 0.25.8
tomli-w 1.2.0
uvicorn 0.36.0
task: [verify] uv run flake8 src tests
tests/targeted/test_extras_codepaths.py:13:5: F401 'sys' imported but unused
task: Failed to run task "verify": exit status 1
