task: [check] uv sync \
  --python-platform x86_64-manylinux_2_28 \
  --extra dev-minimal \
  --extra test \
  

Resolved 327 packages in 6ms
Audited 176 packages in 0.44ms
task: [check] task check-env EXTRAS=""
task: [check-env] task --version
3.45.4
task: [check-env] uv run python scripts/check_env.py
Verifying extras: dev-minimal, test
Python 3.12.10
Go Task 3.45.4
uv 0.7.22
a2a-sdk 0.3.8
black 25.9.0
duckdb 1.3.2
fakeredis 2.32.0
flake8 7.3.0
freezegun 1.5.5
hypothesis 6.140.3
lxml 5.4.0
mypy 1.18.2
networkx 3.5
owlrl 7.1.4
pdfminer-six 20250506
psutil 7.1.0
pytest 8.4.2
pytest-bdd 8.1.0
pytest-benchmark 5.1.0
pytest-cov 7.0.0
pytest-httpx 0.35.0
python-docx 1.2.0
redis 6.4.0
responses 0.25.8
tomli-w 1.2.0
types-protobuf 6.32.1.20250918
types-psutil 7.0.0.20251001
types-requests 2.32.4.20250913
types-tabulate 0.9.0.20241207
uvicorn 0.37.0
task: [check] uv run flake8 src
task: [check] task mypy-strict
task: [mypy-strict] uv run mypy --strict src tests
Success: no issues found in 802 source files
task: [check] task lint-specs
task: [lint-specs] uv run python scripts/lint_specs.py
task: [check] task check-release-metadata
task: [check-release-metadata] uv run python scripts/check_release_metadata.py
Release metadata aligned: version=0.1.0a1, date=Unreleased
task: [check] uv run python scripts/check_spec_tests.py
task: [check] uv run pytest -c /dev/null tests/unit/legacy/test_version.py tests/unit/legacy/test_cli_help.py -q
.........                                                                                                                [100%]
9 passed in 1.28s
